This is pdfTeX, Version 3.14159265-2.6-1.40.21 (TeX Live 2020 Gentoo Linux) (preloaded format=pdflatex 2020.5.21)  24 MAY 2020 17:15
entering extended mode
 restricted \write18 enabled.
 %&-line parsing enabled.
**scanner.c
(./scanner.c
LaTeX2e <2020-02-02> patch level 5
L3 programming layer <2020-02-25>
! You can't use `macro parameter character #' in vertical mode.
l.1 #
     include "tokens.h"
? 

! LaTeX Error: Missing \begin{document}.

See the LaTeX manual or LaTeX Companion for explanation.
Type  H <return>  for immediate help.
 ...                                              
                                                  
l.1 #i
      nclude "tokens.h"
? 
! Interruption.
\GenericError  ...                                
                                                  \endgroup 
l.1 #i
      nclude "tokens.h"
? n
Type <return> to proceed, S to scroll future error messages,
R to run without stopping, Q to run quietly,
I to insert something, E to edit your file,
H for help, X to quit.
? X
 
Here is how much of TeX's memory you used:
 17 strings out of 482935
 393 string characters out of 5961040
 232825 words of memory out of 5000000
 15378 multiletter control sequences out of 15000+600000
 532338 words of font info for 24 fonts, out of 8000000 for 9000
 14 hyphenation exceptions out of 8191
 12i,0n,15p,60b,14s stack positions out of 5000i,500n,10000p,200000b,80000s
No pages of output.
PDF statistics:
 0 PDF objects out of 1000 (max. 8388607)
 0 named destinations out of 1000 (max. 500000)
 1 words of extra memory for PDF output out of 10000 (max. 10000000)

